
> notiq-docs@0.0.1 build C:\Users\HP\notiq\docs
> next build "--debug"

- [36minfo[0m [nextra] You have Next.js i18n enabled, read here https://nextjs.org/docs/app/building-your-application/routing/internationalization for the docs.
   ▲ Next.js 15.5.9
   - Experiments (use with caution):
     · optimizePackageImports

   Creating an optimized production build ...
Failed to compile.

./styles/globals.css.webpack[javascript/auto]!=!../node_modules/.pnpm/next@15.5.9_@babel+core@7.2_8d85a47e9502461378fb8b67b42275c6/node_modules/next/dist/build/webpack/loaders/css-loader/src/index.js??ruleSet[1].rules[14].oneOf[10].use[2]!../node_modules/.pnpm/next@15.5.9_@babel+core@7.2_8d85a47e9502461378fb8b67b42275c6/node_modules/next/dist/build/webpack/loaders/postcss-loader/src/index.js??ruleSet[1].rules[14].oneOf[10].use[3]!./styles/globals.css
Error: It looks like you're trying to use `tailwindcss` directly as a PostCSS plugin. The PostCSS plugin has moved to a separate package, so to continue using Tailwind CSS with PostCSS you'll need to install `@tailwindcss/postcss` and update your PostCSS configuration.
    at lt (C:\Users\HP\notiq\node_modules\.pnpm\tailwindcss@4.1.18\node_modules\tailwindcss\dist\lib.js:38:1643)
    at LazyResult.runOnRoot (C:\Users\HP\notiq\node_modules\.pnpm\postcss@8.4.31\node_modules\postcss\lib\lazy-result.js:329:16)
    at LazyResult.runAsync (C:\Users\HP\notiq\node_modules\.pnpm\postcss@8.4.31\node_modules\postcss\lib\lazy-result.js:258:26)
    at LazyResult.async (C:\Users\HP\notiq\node_modules\.pnpm\postcss@8.4.31\node_modules\postcss\lib\lazy-result.js:160:30)
    at LazyResult.then (C:\Users\HP\notiq\node_modules\.pnpm\postcss@8.4.31\node_modules\postcss\lib\lazy-result.js:404:17)

Import trace for requested module:
./styles/globals.css.webpack[javascript/auto]!=!../node_modules/.pnpm/next@15.5.9_@babel+core@7.2_8d85a47e9502461378fb8b67b42275c6/node_modules/next/dist/build/webpack/loaders/css-loader/src/index.js??ruleSet[1].rules[14].oneOf[10].use[2]!../node_modules/.pnpm/next@15.5.9_@babel+core@7.2_8d85a47e9502461378fb8b67b42275c6/node_modules/next/dist/build/webpack/loaders/postcss-loader/src/index.js??ruleSet[1].rules[14].oneOf[10].use[3]!./styles/globals.css
./styles/globals.css

../node_modules/.pnpm/nextra-theme-docs@4.6.1_@ty_5b789e4fcce1e9c9299d9df49d5c7903/node_modules/nextra-theme-docs/dist/style.css.webpack[javascript/auto]!=!../node_modules/.pnpm/next@15.5.9_@babel+core@7.2_8d85a47e9502461378fb8b67b42275c6/node_modules/next/dist/build/webpack/loaders/css-loader/src/index.js??ruleSet[1].rules[14].oneOf[10].use[2]!../node_modules/.pnpm/next@15.5.9_@babel+core@7.2_8d85a47e9502461378fb8b67b42275c6/node_modules/next/dist/build/webpack/loaders/postcss-loader/src/index.js??ruleSet[1].rules[14].oneOf[10].use[3]!../node_modules/.pnpm/nextra-theme-docs@4.6.1_@ty_5b789e4fcce1e9c9299d9df49d5c7903/node_modules/nextra-theme-docs/dist/style.css
Error: It looks like you're trying to use `tailwindcss` directly as a PostCSS plugin. The PostCSS plugin has moved to a separate package, so to continue using Tailwind CSS with PostCSS you'll need to install `@tailwindcss/postcss` and update your PostCSS configuration.
    at lt (C:\Users\HP\notiq\node_modules\.pnpm\tailwindcss@4.1.18\node_modules\tailwindcss\dist\lib.js:38:1643)
    at LazyResult.runOnRoot (C:\Users\HP\notiq\node_modules\.pnpm\postcss@8.4.31\node_modules\postcss\lib\lazy-result.js:329:16)
    at LazyResult.runAsync (C:\Users\HP\notiq\node_modules\.pnpm\postcss@8.4.31\node_modules\postcss\lib\lazy-result.js:258:26)
    at LazyResult.async (C:\Users\HP\notiq\node_modules\.pnpm\postcss@8.4.31\node_modules\postcss\lib\lazy-result.js:160:30)
    at LazyResult.then (C:\Users\HP\notiq\node_modules\.pnpm\postcss@8.4.31\node_modules\postcss\lib\lazy-result.js:404:17)

Import trace for requested module:
../node_modules/.pnpm/nextra-theme-docs@4.6.1_@ty_5b789e4fcce1e9c9299d9df49d5c7903/node_modules/nextra-theme-docs/dist/style.css.webpack[javascript/auto]!=!../node_modules/.pnpm/next@15.5.9_@babel+core@7.2_8d85a47e9502461378fb8b67b42275c6/node_modules/next/dist/build/webpack/loaders/css-loader/src/index.js??ruleSet[1].rules[14].oneOf[10].use[2]!../node_modules/.pnpm/next@15.5.9_@babel+core@7.2_8d85a47e9502461378fb8b67b42275c6/node_modules/next/dist/build/webpack/loaders/postcss-loader/src/index.js??ruleSet[1].rules[14].oneOf[10].use[3]!../node_modules/.pnpm/nextra-theme-docs@4.6.1_@ty_5b789e4fcce1e9c9299d9df49d5c7903/node_modules/nextra-theme-docs/dist/style.css
../node_modules/.pnpm/nextra-theme-docs@4.6.1_@ty_5b789e4fcce1e9c9299d9df49d5c7903/node_modules/nextra-theme-docs/dist/style.css

./styles/globals.css.webpack[javascript/auto]!=!../node_modules/.pnpm/next@15.5.9_@babel+core@7.2_8d85a47e9502461378fb8b67b42275c6/node_modules/next/dist/build/webpack/loaders/css-loader/src/index.js??ruleSet[1].rules[14].oneOf[12].use[1]!../node_modules/.pnpm/next@15.5.9_@babel+core@7.2_8d85a47e9502461378fb8b67b42275c6/node_modules/next/dist/build/webpack/loaders/postcss-loader/src/index.js??ruleSet[1].rules[14].oneOf[12].use[2]!./styles/globals.css
Error: It looks like you're trying to use `tailwindcss` directly as a PostCSS plugin. The PostCSS plugin has moved to a separate package, so to continue using Tailwind CSS with PostCSS you'll need to install `@tailwindcss/postcss` and update your PostCSS configuration.
    at lt (C:\Users\HP\notiq\node_modules\.pnpm\tailwindcss@4.1.18\node_modules\tailwindcss\dist\lib.js:38:1643)
    at LazyResult.runOnRoot (C:\Users\HP\notiq\node_modules\.pnpm\postcss@8.4.31\node_modules\postcss\lib\lazy-result.js:329:16)
    at LazyResult.runAsync (C:\Users\HP\notiq\node_modules\.pnpm\postcss@8.4.31\node_modules\postcss\lib\lazy-result.js:258:26)
    at LazyResult.async (C:\Users\HP\notiq\node_modules\.pnpm\postcss@8.4.31\node_modules\postcss\lib\lazy-result.js:160:30)
    at LazyResult.then (C:\Users\HP\notiq\node_modules\.pnpm\postcss@8.4.31\node_modules\postcss\lib\lazy-result.js:404:17)

Import trace for requested module:
./styles/globals.css.webpack[javascript/auto]!=!../node_modules/.pnpm/next@15.5.9_@babel+core@7.2_8d85a47e9502461378fb8b67b42275c6/node_modules/next/dist/build/webpack/loaders/css-loader/src/index.js??ruleSet[1].rules[14].oneOf[12].use[1]!../node_modules/.pnpm/next@15.5.9_@babel+core@7.2_8d85a47e9502461378fb8b67b42275c6/node_modules/next/dist/build/webpack/loaders/postcss-loader/src/index.js??ruleSet[1].rules[14].oneOf[12].use[2]!./styles/globals.css
./styles/globals.css

./styles/globals.css
Error: It looks like you're trying to use `tailwindcss` directly as a PostCSS plugin. The PostCSS plugin has moved to a separate package, so to continue using Tailwind CSS with PostCSS you'll need to install `@tailwindcss/postcss` and update your PostCSS configuration.
    at lt (C:\Users\HP\notiq\node_modules\.pnpm\tailwindcss@4.1.18\node_modules\tailwindcss\dist\lib.js:38:1643)
    at LazyResult.runOnRoot (C:\Users\HP\notiq\node_modules\.pnpm\postcss@8.4.31\node_modules\postcss\lib\lazy-result.js:329:16)
    at LazyResult.runAsync (C:\Users\HP\notiq\node_modules\.pnpm\postcss@8.4.31\node_modules\postcss\lib\lazy-result.js:258:26)
    at LazyResult.async (C:\Users\HP\notiq\node_modules\.pnpm\postcss@8.4.31\node_modules\postcss\lib\lazy-result.js:160:30)
    at LazyResult.then (C:\Users\HP\notiq\node_modules\.pnpm\postcss@8.4.31\node_modules\postcss\lib\lazy-result.js:404:17)
    at tryRunOrWebpackError (C:\Users\HP\notiq\node_modules\.pnpm\next@15.5.9_@babel+core@7.2_8d85a47e9502461378fb8b67b42275c6\node_modules\next\dist\compiled\webpack\bundle5.js:29:316119)
    at __webpack_require_module__ (C:\Users\HP\notiq\node_modules\.pnpm\next@15.5.9_@babel+core@7.2_8d85a47e9502461378fb8b67b42275c6\node_modules\next\dist\compiled\webpack\bundle5.js:29:131532)
    at __nested_webpack_require_161494__ (C:\Users\HP\notiq\node_modules\.pnpm\next@15.5.9_@babel+core@7.2_8d85a47e9502461378fb8b67b42275c6\node_modules\next\dist\compiled\webpack\bundle5.js:29:130967)
    at C:\Users\HP\notiq\node_modules\.pnpm\next@15.5.9_@babel+core@7.2_8d85a47e9502461378fb8b67b42275c6\node_modules\next\dist\compiled\webpack\bundle5.js:29:131824
    at symbolIterator (C:\Users\HP\notiq\node_modules\.pnpm\next@15.5.9_@babel+core@7.2_8d85a47e9502461378fb8b67b42275c6\node_modules\next\dist\compiled\neo-async\async.js:1:14444)
    at done (C:\Users\HP\notiq\node_modules\.pnpm\next@15.5.9_@babel+core@7.2_8d85a47e9502461378fb8b67b42275c6\node_modules\next\dist\compiled\neo-async\async.js:1:14824)
    at Hook.eval [as callAsync] (eval at create (C:\Users\HP\notiq\node_modules\.pnpm\next@15.5.9_@babel+core@7.2_8d85a47e9502461378fb8b67b42275c6\node_modules\next\dist\compiled\webpack\bundle5.js:14:9224), <anonymous>:15:1)
    at Hook.CALL_ASYNC_DELEGATE [as _callAsync] (C:\Users\HP\notiq\node_modules\.pnpm\next@15.5.9_@babel+core@7.2_8d85a47e9502461378fb8b67b42275c6\node_modules\next\dist\compiled\webpack\bundle5.js:14:6378)
    at C:\Users\HP\notiq\node_modules\.pnpm\next@15.5.9_@babel+core@7.2_8d85a47e9502461378fb8b67b42275c6\node_modules\next\dist\compiled\webpack\bundle5.js:29:130687
    at symbolIterator (C:\Users\HP\notiq\node_modules\.pnpm\next@15.5.9_@babel+core@7.2_8d85a47e9502461378fb8b67b42275c6\node_modules\next\dist\compiled\neo-async\async.js:1:14402)
    at timesSync (C:\Users\HP\notiq\node_modules\.pnpm\next@15.5.9_@babel+core@7.2_8d85a47e9502461378fb8b67b42275c6\node_modules\next\dist\compiled\neo-async\async.js:1:5027)
    at Object.eachLimit (C:\Users\HP\notiq\node_modules\.pnpm\next@15.5.9_@babel+core@7.2_8d85a47e9502461378fb8b67b42275c6\node_modules\next\dist\compiled\neo-async\async.js:1:14208)
    at C:\Users\HP\notiq\node_modules\.pnpm\next@15.5.9_@babel+core@7.2_8d85a47e9502461378fb8b67b42275c6\node_modules\next\dist\compiled\webpack\bundle5.js:29:130247
    at symbolIterator (C:\Users\HP\notiq\node_modules\.pnpm\next@15.5.9_@babel+core@7.2_8d85a47e9502461378fb8b67b42275c6\node_modules\next\dist\compiled\neo-async\async.js:1:14444)
    at timesSync (C:\Users\HP\notiq\node_modules\.pnpm\next@15.5.9_@babel+core@7.2_8d85a47e9502461378fb8b67b42275c6\node_modules\next\dist\compiled\neo-async\async.js:1:5027)
    at Object.eachLimit (C:\Users\HP\notiq\node_modules\.pnpm\next@15.5.9_@babel+core@7.2_8d85a47e9502461378fb8b67b42275c6\node_modules\next\dist\compiled\neo-async\async.js:1:14208)
    at C:\Users\HP\notiq\node_modules\.pnpm\next@15.5.9_@babel+core@7.2_8d85a47e9502461378fb8b67b42275c6\node_modules\next\dist\compiled\webpack\bundle5.js:29:129985
    at symbolIterator (C:\Users\HP\notiq\node_modules\.pnpm\next@15.5.9_@babel+core@7.2_8d85a47e9502461378fb8b67b42275c6\node_modules\next\dist\compiled\neo-async\async.js:1:14444)
    at done (C:\Users\HP\notiq\node_modules\.pnpm\next@15.5.9_@babel+core@7.2_8d85a47e9502461378fb8b67b42275c6\node_modules\next\dist\compiled\neo-async\async.js:1:14824)
    at C:\Users\HP\notiq\node_modules\.pnpm\next@15.5.9_@babel+core@7.2_8d85a47e9502461378fb8b67b42275c6\node_modules\next\dist\compiled\webpack\bundle5.js:29:129496
    at C:\Users\HP\notiq\node_modules\.pnpm\next@15.5.9_@babel+core@7.2_8d85a47e9502461378fb8b67b42275c6\node_modules\next\dist\compiled\webpack\bundle5.js:29:110347
    at C:\Users\HP\notiq\node_modules\.pnpm\next@15.5.9_@babel+core@7.2_8d85a47e9502461378fb8b67b42275c6\node_modules\next\dist\compiled\webpack\bundle5.js:29:16152
    at Array.<anonymous> (C:\Users\HP\notiq\node_modules\.pnpm\next@15.5.9_@babel+core@7.2_8d85a47e9502461378fb8b67b42275c6\node_modules\next\dist\compiled\webpack\bundle5.js:29:551693)
    at C:\Users\HP\notiq\node_modules\.pnpm\next@15.5.9_@babel+core@7.2_8d85a47e9502461378fb8b67b42275c6\node_modules\next\dist\compiled\webpack\bundle5.js:29:16144
    at eval (eval at create (C:\Users\HP\notiq\node_modules\.pnpm\next@15.5.9_@babel+core@7.2_8d85a47e9502461378fb8b67b42275c6\node_modules\next\dist\compiled\webpack\bundle5.js:14:9224), <anonymous>:27:1)
    at processTicksAndRejections (node:internal/process/task_queues:105:5)
    at runNextTicks (node:internal/process/task_queues:69:3)
    at process.processImmediate (node:internal/timers:459:9)
-- inner error --
Error: It looks like you're trying to use `tailwindcss` directly as a PostCSS plugin. The PostCSS plugin has moved to a separate package, so to continue using Tailwind CSS with PostCSS you'll need to install `@tailwindcss/postcss` and update your PostCSS configuration.
    at lt (C:\Users\HP\notiq\node_modules\.pnpm\tailwindcss@4.1.18\node_modules\tailwindcss\dist\lib.js:38:1643)
    at LazyResult.runOnRoot (C:\Users\HP\notiq\node_modules\.pnpm\postcss@8.4.31\node_modules\postcss\lib\lazy-result.js:329:16)
    at LazyResult.runAsync (C:\Users\HP\notiq\node_modules\.pnpm\postcss@8.4.31\node_modules\postcss\lib\lazy-result.js:258:26)
    at LazyResult.async (C:\Users\HP\notiq\node_modules\.pnpm\postcss@8.4.31\node_modules\postcss\lib\lazy-result.js:160:30)
    at LazyResult.then (C:\Users\HP\notiq\node_modules\.pnpm\postcss@8.4.31\node_modules\postcss\lib\lazy-result.js:404:17)
    at Object.<anonymous> (C:\Users\HP\notiq\node_modules\.pnpm\next@15.5.9_@babel+core@7.2_8d85a47e9502461378fb8b67b42275c6\node_modules\next\dist\build\webpack\loaders\css-loader\src\index.js??ruleSet[1].rules[14].oneOf[10].use[2]!C:\Users\HP\notiq\node_modules\.pnpm\next@15.5.9_@babel+core@7.2_8d85a47e9502461378fb8b67b42275c6\node_modules\next\dist\build\webpack\loaders\postcss-loader\src\index.js??ruleSet[1].rules[14].oneOf[10].use[3]!C:\Users\HP\notiq\docs\styles\globals.css:1:7)
    at C:\Users\HP\notiq\node_modules\.pnpm\next@15.5.9_@babel+core@7.2_8d85a47e9502461378fb8b67b42275c6\node_modules\next\dist\compiled\webpack\bundle5.js:29:962717
    at Hook.eval [as call] (eval at create (C:\Users\HP\notiq\node_modules\.pnpm\next@15.5.9_@babel+core@7.2_8d85a47e9502461378fb8b67b42275c6\node_modules\next\dist\compiled\webpack\bundle5.js:14:9002), <anonymous>:7:1)
    at Hook.CALL_DELEGATE [as _call] (C:\Users\HP\notiq\node_modules\.pnpm\next@15.5.9_@babel+core@7.2_8d85a47e9502461378fb8b67b42275c6\node_modules\next\dist\compiled\webpack\bundle5.js:14:6272)
    at C:\Users\HP\notiq\node_modules\.pnpm\next@15.5.9_@babel+core@7.2_8d85a47e9502461378fb8b67b42275c6\node_modules\next\dist\compiled\webpack\bundle5.js:29:131565
    at tryRunOrWebpackError (C:\Users\HP\notiq\node_modules\.pnpm\next@15.5.9_@babel+core@7.2_8d85a47e9502461378fb8b67b42275c6\node_modules\next\dist\compiled\webpack\bundle5.js:29:316073)
    at __webpack_require_module__ (C:\Users\HP\notiq\node_modules\.pnpm\next@15.5.9_@babel+core@7.2_8d85a47e9502461378fb8b67b42275c6\node_modules\next\dist\compiled\webpack\bundle5.js:29:131532)
    at __nested_webpack_require_161494__ (C:\Users\HP\notiq\node_modules\.pnpm\next@15.5.9_@babel+core@7.2_8d85a47e9502461378fb8b67b42275c6\node_modules\next\dist\compiled\webpack\bundle5.js:29:130967)
    at C:\Users\HP\notiq\node_modules\.pnpm\next@15.5.9_@babel+core@7.2_8d85a47e9502461378fb8b67b42275c6\node_modules\next\dist\compiled\webpack\bundle5.js:29:131824
    at symbolIterator (C:\Users\HP\notiq\node_modules\.pnpm\next@15.5.9_@babel+core@7.2_8d85a47e9502461378fb8b67b42275c6\node_modules\next\dist\compiled\neo-async\async.js:1:14444)
    at done (C:\Users\HP\notiq\node_modules\.pnpm\next@15.5.9_@babel+core@7.2_8d85a47e9502461378fb8b67b42275c6\node_modules\next\dist\compiled\neo-async\async.js:1:14824)
    at Hook.eval [as callAsync] (eval at create (C:\Users\HP\notiq\node_modules\.pnpm\next@15.5.9_@babel+core@7.2_8d85a47e9502461378fb8b67b42275c6\node_modules\next\dist\compiled\webpack\bundle5.js:14:9224), <anonymous>:15:1)
    at Hook.CALL_ASYNC_DELEGATE [as _callAsync] (C:\Users\HP\notiq\node_modules\.pnpm\next@15.5.9_@babel+core@7.2_8d85a47e9502461378fb8b67b42275c6\node_modules\next\dist\compiled\webpack\bundle5.js:14:6378)
    at C:\Users\HP\notiq\node_modules\.pnpm\next@15.5.9_@babel+core@7.2_8d85a47e9502461378fb8b67b42275c6\node_modules\next\dist\compiled\webpack\bundle5.js:29:130687
    at symbolIterator (C:\Users\HP\notiq\node_modules\.pnpm\next@15.5.9_@babel+core@7.2_8d85a47e9502461378fb8b67b42275c6\node_modules\next\dist\compiled\neo-async\async.js:1:14402)
    at timesSync (C:\Users\HP\notiq\node_modules\.pnpm\next@15.5.9_@babel+core@7.2_8d85a47e9502461378fb8b67b42275c6\node_modules\next\dist\compiled\neo-async\async.js:1:5027)
    at Object.eachLimit (C:\Users\HP\notiq\node_modules\.pnpm\next@15.5.9_@babel+core@7.2_8d85a47e9502461378fb8b67b42275c6\node_modules\next\dist\compiled\neo-async\async.js:1:14208)
    at C:\Users\HP\notiq\node_modules\.pnpm\next@15.5.9_@babel+core@7.2_8d85a47e9502461378fb8b67b42275c6\node_modules\next\dist\compiled\webpack\bundle5.js:29:130247
    at symbolIterator (C:\Users\HP\notiq\node_modules\.pnpm\next@15.5.9_@babel+core@7.2_8d85a47e9502461378fb8b67b42275c6\node_modules\next\dist\compiled\neo-async\async.js:1:14444)
    at timesSync (C:\Users\HP\notiq\node_modules\.pnpm\next@15.5.9_@babel+core@7.2_8d85a47e9502461378fb8b67b42275c6\node_modules\next\dist\compiled\neo-async\async.js:1:5027)
    at Object.eachLimit (C:\Users\HP\notiq\node_modules\.pnpm\next@15.5.9_@babel+core@7.2_8d85a47e9502461378fb8b67b42275c6\node_modules\next\dist\compiled\neo-async\async.js:1:14208)
    at C:\Users\HP\notiq\node_modules\.pnpm\next@15.5.9_@babel+core@7.2_8d85a47e9502461378fb8b67b42275c6\node_modules\next\dist\compiled\webpack\bundle5.js:29:129985
    at symbolIterator (C:\Users\HP\notiq\node_modules\.pnpm\next@15.5.9_@babel+core@7.2_8d85a47e9502461378fb8b67b42275c6\node_modules\next\dist\compiled\neo-async\async.js:1:14444)
    at done (C:\Users\HP\notiq\node_modules\.pnpm\next@15.5.9_@babel+core@7.2_8d85a47e9502461378fb8b67b42275c6\node_modules\next\dist\compiled\neo-async\async.js:1:14824)
    at C:\Users\HP\notiq\node_modules\.pnpm\next@15.5.9_@babel+core@7.2_8d85a47e9502461378fb8b67b42275c6\node_modules\next\dist\compiled\webpack\bundle5.js:29:129496
    at C:\Users\HP\notiq\node_modules\.pnpm\next@15.5.9_@babel+core@7.2_8d85a47e9502461378fb8b67b42275c6\node_modules\next\dist\compiled\webpack\bundle5.js:29:110347
    at C:\Users\HP\notiq\node_modules\.pnpm\next@15.5.9_@babel+core@7.2_8d85a47e9502461378fb8b67b42275c6\node_modules\next\dist\compiled\webpack\bundle5.js:29:16152
    at Array.<anonymous> (C:\Users\HP\notiq\node_modules\.pnpm\next@15.5.9_@babel+core@7.2_8d85a47e9502461378fb8b67b42275c6\node_modules\next\dist\compiled\webpack\bundle5.js:29:551693)
    at C:\Users\HP\notiq\node_modules\.pnpm\next@15.5.9_@babel+core@7.2_8d85a47e9502461378fb8b67b42275c6\node_modules\next\dist\compiled\webpack\bundle5.js:29:16144
    at eval (eval at create (C:\Users\HP\notiq\node_modules\.pnpm\next@15.5.9_@babel+core@7.2_8d85a47e9502461378fb8b67b42275c6\node_modules\next\dist\compiled\webpack\bundle5.js:14:9224), <anonymous>:27:1)
    at processTicksAndRejections (node:internal/process/task_queues:105:5)
    at runNextTicks (node:internal/process/task_queues:69:3)
    at process.processImmediate (node:internal/timers:459:9)

Generated code for C:\Users\HP\notiq\node_modules\.pnpm\next@15.5.9_@babel+core@7.2_8d85a47e9502461378fb8b67b42275c6\node_modules\next\dist\build\webpack\loaders\css-loader\src\index.js??ruleSet[1].rules[14].oneOf[10].use[2]!C:\Users\HP\notiq\node_modules\.pnpm\next@15.5.9_@babel+core@7.2_8d85a47e9502461378fb8b67b42275c6\node_modules\next\dist\build\webpack\loaders\postcss-loader\src\index.js??ruleSet[1].rules[14].oneOf[10].use[3]!C:\Users\HP\notiq\docs\styles\globals.css

Import trace for requested module:
./styles/globals.css

../node_modules/.pnpm/nextra-theme-docs@4.6.1_@ty_5b789e4fcce1e9c9299d9df49d5c7903/node_modules/nextra-theme-docs/dist/style.css
Error: It looks like you're trying to use `tailwindcss` directly as a PostCSS plugin. The PostCSS plugin has moved to a separate package, so to continue using Tailwind CSS with PostCSS you'll need to install `@tailwindcss/postcss` and update your PostCSS configuration.
    at lt (C:\Users\HP\notiq\node_modules\.pnpm\tailwindcss@4.1.18\node_modules\tailwindcss\dist\lib.js:38:1643)
    at LazyResult.runOnRoot (C:\Users\HP\notiq\node_modules\.pnpm\postcss@8.4.31\node_modules\postcss\lib\lazy-result.js:329:16)
    at LazyResult.runAsync (C:\Users\HP\notiq\node_modules\.pnpm\postcss@8.4.31\node_modules\postcss\lib\lazy-result.js:258:26)
    at LazyResult.async (C:\Users\HP\notiq\node_modules\.pnpm\postcss@8.4.31\node_modules\postcss\lib\lazy-result.js:160:30)
    at LazyResult.then (C:\Users\HP\notiq\node_modules\.pnpm\postcss@8.4.31\node_modules\postcss\lib\lazy-result.js:404:17)
    at tryRunOrWebpackError (C:\Users\HP\notiq\node_modules\.pnpm\next@15.5.9_@babel+core@7.2_8d85a47e9502461378fb8b67b42275c6\node_modules\next\dist\compiled\webpack\bundle5.js:29:316119)
    at __webpack_require_module__ (C:\Users\HP\notiq\node_modules\.pnpm\next@15.5.9_@babel+core@7.2_8d85a47e9502461378fb8b67b42275c6\node_modules\next\dist\compiled\webpack\bundle5.js:29:131532)
    at __nested_webpack_require_161494__ (C:\Users\HP\notiq\node_modules\.pnpm\next@15.5.9_@babel+core@7.2_8d85a47e9502461378fb8b67b42275c6\node_modules\next\dist\compiled\webpack\bundle5.js:29:130967)
    at C:\Users\HP\notiq\node_modules\.pnpm\next@15.5.9_@babel+core@7.2_8d85a47e9502461378fb8b67b42275c6\node_modules\next\dist\compiled\webpack\bundle5.js:29:131824
    at symbolIterator (C:\Users\HP\notiq\node_modules\.pnpm\next@15.5.9_@babel+core@7.2_8d85a47e9502461378fb8b67b42275c6\node_modules\next\dist\compiled\neo-async\async.js:1:14444)
    at done (C:\Users\HP\notiq\node_modules\.pnpm\next@15.5.9_@babel+core@7.2_8d85a47e9502461378fb8b67b42275c6\node_modules\next\dist\compiled\neo-async\async.js:1:14824)
    at Hook.eval [as callAsync] (eval at create (C:\Users\HP\notiq\node_modules\.pnpm\next@15.5.9_@babel+core@7.2_8d85a47e9502461378fb8b67b42275c6\node_modules\next\dist\compiled\webpack\bundle5.js:14:9224), <anonymous>:15:1)
    at C:\Users\HP\notiq\node_modules\.pnpm\next@15.5.9_@babel+core@7.2_8d85a47e9502461378fb8b67b42275c6\node_modules\next\dist\compiled\webpack\bundle5.js:29:130687
    at symbolIterator (C:\Users\HP\notiq\node_modules\.pnpm\next@15.5.9_@babel+core@7.2_8d85a47e9502461378fb8b67b42275c6\node_modules\next\dist\compiled\neo-async\async.js:1:14402)
    at timesSync (C:\Users\HP\notiq\node_modules\.pnpm\next@15.5.9_@babel+core@7.2_8d85a47e9502461378fb8b67b42275c6\node_modules\next\dist\compiled\neo-async\async.js:1:5027)
    at Object.eachLimit (C:\Users\HP\notiq\node_modules\.pnpm\next@15.5.9_@babel+core@7.2_8d85a47e9502461378fb8b67b42275c6\node_modules\next\dist\compiled\neo-async\async.js:1:14208)
    at C:\Users\HP\notiq\node_modules\.pnpm\next@15.5.9_@babel+core@7.2_8d85a47e9502461378fb8b67b42275c6\node_modules\next\dist\compiled\webpack\bundle5.js:29:130247
    at symbolIterator (C:\Users\HP\notiq\node_modules\.pnpm\next@15.5.9_@babel+core@7.2_8d85a47e9502461378fb8b67b42275c6\node_modules\next\dist\compiled\neo-async\async.js:1:14444)
    at timesSync (C:\Users\HP\notiq\node_modules\.pnpm\next@15.5.9_@babel+core@7.2_8d85a47e9502461378fb8b67b42275c6\node_modules\next\dist\compiled\neo-async\async.js:1:5027)
    at Object.eachLimit (C:\Users\HP\notiq\node_modules\.pnpm\next@15.5.9_@babel+core@7.2_8d85a47e9502461378fb8b67b42275c6\node_modules\next\dist\compiled\neo-async\async.js:1:14208)
    at C:\Users\HP\notiq\node_modules\.pnpm\next@15.5.9_@babel+core@7.2_8d85a47e9502461378fb8b67b42275c6\node_modules\next\dist\compiled\webpack\bundle5.js:29:129985
    at symbolIterator (C:\Users\HP\notiq\node_modules\.pnpm\next@15.5.9_@babel+core@7.2_8d85a47e9502461378fb8b67b42275c6\node_modules\next\dist\compiled\neo-async\async.js:1:14444)
    at done (C:\Users\HP\notiq\node_modules\.pnpm\next@15.5.9_@babel+core@7.2_8d85a47e9502461378fb8b67b42275c6\node_modules\next\dist\compiled\neo-async\async.js:1:14824)
    at C:\Users\HP\notiq\node_modules\.pnpm\next@15.5.9_@babel+core@7.2_8d85a47e9502461378fb8b67b42275c6\node_modules\next\dist\compiled\webpack\bundle5.js:29:129496
    at C:\Users\HP\notiq\node_modules\.pnpm\next@15.5.9_@babel+core@7.2_8d85a47e9502461378fb8b67b42275c6\node_modules\next\dist\compiled\webpack\bundle5.js:29:110347
    at C:\Users\HP\notiq\node_modules\.pnpm\next@15.5.9_@babel+core@7.2_8d85a47e9502461378fb8b67b42275c6\node_modules\next\dist\compiled\webpack\bundle5.js:29:16152
    at Array.<anonymous> (C:\Users\HP\notiq\node_modules\.pnpm\next@15.5.9_@babel+core@7.2_8d85a47e9502461378fb8b67b42275c6\node_modules\next\dist\compiled\webpack\bundle5.js:29:551693)
    at C:\Users\HP\notiq\node_modules\.pnpm\next@15.5.9_@babel+core@7.2_8d85a47e9502461378fb8b67b42275c6\node_modules\next\dist\compiled\webpack\bundle5.js:29:16144
    at eval (eval at create (C:\Users\HP\notiq\node_modules\.pnpm\next@15.5.9_@babel+core@7.2_8d85a47e9502461378fb8b67b42275c6\node_modules\next\dist\compiled\webpack\bundle5.js:14:9224), <anonymous>:27:1)
    at processTicksAndRejections (node:internal/process/task_queues:105:5)
    at runNextTicks (node:internal/process/task_queues:69:3)
    at process.processImmediate (node:internal/timers:459:9)
-- inner error --
Error: It looks like you're trying to use `tailwindcss` directly as a PostCSS plugin. The PostCSS plugin has moved to a separate package, so to continue using Tailwind CSS with PostCSS you'll need to install `@tailwindcss/postcss` and update your PostCSS configuration.
    at lt (C:\Users\HP\notiq\node_modules\.pnpm\tailwindcss@4.1.18\node_modules\tailwindcss\dist\lib.js:38:1643)
    at LazyResult.runOnRoot (C:\Users\HP\notiq\node_modules\.pnpm\postcss@8.4.31\node_modules\postcss\lib\lazy-result.js:329:16)
    at LazyResult.runAsync (C:\Users\HP\notiq\node_modules\.pnpm\postcss@8.4.31\node_modules\postcss\lib\lazy-result.js:258:26)
    at LazyResult.async (C:\Users\HP\notiq\node_modules\.pnpm\postcss@8.4.31\node_modules\postcss\lib\lazy-result.js:160:30)
    at LazyResult.then (C:\Users\HP\notiq\node_modules\.pnpm\postcss@8.4.31\node_modules\postcss\lib\lazy-result.js:404:17)
    at Object.<anonymous> (C:\Users\HP\notiq\node_modules\.pnpm\next@15.5.9_@babel+core@7.2_8d85a47e9502461378fb8b67b42275c6\node_modules\next\dist\build\webpack\loaders\css-loader\src\index.js??ruleSet[1].rules[14].oneOf[10].use[2]!C:\Users\HP\notiq\node_modules\.pnpm\next@15.5.9_@babel+core@7.2_8d85a47e9502461378fb8b67b42275c6\node_modules\next\dist\build\webpack\loaders\postcss-loader\src\index.js??ruleSet[1].rules[14].oneOf[10].use[3]!C:\Users\HP\notiq\node_modules\.pnpm\nextra-theme-docs@4.6.1_@ty_5b789e4fcce1e9c9299d9df49d5c7903\node_modules\nextra-theme-docs\dist\style.css:1:7)
    at C:\Users\HP\notiq\node_modules\.pnpm\next@15.5.9_@babel+core@7.2_8d85a47e9502461378fb8b67b42275c6\node_modules\next\dist\compiled\webpack\bundle5.js:29:962717
    at Hook.eval [as call] (eval at create (C:\Users\HP\notiq\node_modules\.pnpm\next@15.5.9_@babel+core@7.2_8d85a47e9502461378fb8b67b42275c6\node_modules\next\dist\compiled\webpack\bundle5.js:14:9002), <anonymous>:7:1)
    at C:\Users\HP\notiq\node_modules\.pnpm\next@15.5.9_@babel+core@7.2_8d85a47e9502461378fb8b67b42275c6\node_modules\next\dist\compiled\webpack\bundle5.js:29:131565
    at tryRunOrWebpackError (C:\Users\HP\notiq\node_modules\.pnpm\next@15.5.9_@babel+core@7.2_8d85a47e9502461378fb8b67b42275c6\node_modules\next\dist\compiled\webpack\bundle5.js:29:316073)
    at __webpack_require_module__ (C:\Users\HP\notiq\node_modules\.pnpm\next@15.5.9_@babel+core@7.2_8d85a47e9502461378fb8b67b42275c6\node_modules\next\dist\compiled\webpack\bundle5.js:29:131532)
    at __nested_webpack_require_161494__ (C:\Users\HP\notiq\node_modules\.pnpm\next@15.5.9_@babel+core@7.2_8d85a47e9502461378fb8b67b42275c6\node_modules\next\dist\compiled\webpack\bundle5.js:29:130967)
    at C:\Users\HP\notiq\node_modules\.pnpm\next@15.5.9_@babel+core@7.2_8d85a47e9502461378fb8b67b42275c6\node_modules\next\dist\compiled\webpack\bundle5.js:29:131824
    at symbolIterator (C:\Users\HP\notiq\node_modules\.pnpm\next@15.5.9_@babel+core@7.2_8d85a47e9502461378fb8b67b42275c6\node_modules\next\dist\compiled\neo-async\async.js:1:14444)
    at done (C:\Users\HP\notiq\node_modules\.pnpm\next@15.5.9_@babel+core@7.2_8d85a47e9502461378fb8b67b42275c6\node_modules\next\dist\compiled\neo-async\async.js:1:14824)
    at Hook.eval [as callAsync] (eval at create (C:\Users\HP\notiq\node_modules\.pnpm\next@15.5.9_@babel+core@7.2_8d85a47e9502461378fb8b67b42275c6\node_modules\next\dist\compiled\webpack\bundle5.js:14:9224), <anonymous>:15:1)
    at C:\Users\HP\notiq\node_modules\.pnpm\next@15.5.9_@babel+core@7.2_8d85a47e9502461378fb8b67b42275c6\node_modules\next\dist\compiled\webpack\bundle5.js:29:130687
    at symbolIterator (C:\Users\HP\notiq\node_modules\.pnpm\next@15.5.9_@babel+core@7.2_8d85a47e9502461378fb8b67b42275c6\node_modules\next\dist\compiled\neo-async\async.js:1:14402)
    at timesSync (C:\Users\HP\notiq\node_modules\.pnpm\next@15.5.9_@babel+core@7.2_8d85a47e9502461378fb8b67b42275c6\node_modules\next\dist\compiled\neo-async\async.js:1:5027)
    at Object.eachLimit (C:\Users\HP\notiq\node_modules\.pnpm\next@15.5.9_@babel+core@7.2_8d85a47e9502461378fb8b67b42275c6\node_modules\next\dist\compiled\neo-async\async.js:1:14208)
    at C:\Users\HP\notiq\node_modules\.pnpm\next@15.5.9_@babel+core@7.2_8d85a47e9502461378fb8b67b42275c6\node_modules\next\dist\compiled\webpack\bundle5.js:29:130247
    at symbolIterator (C:\Users\HP\notiq\node_modules\.pnpm\next@15.5.9_@babel+core@7.2_8d85a47e9502461378fb8b67b42275c6\node_modules\next\dist\compiled\neo-async\async.js:1:14444)
    at timesSync (C:\Users\HP\notiq\node_modules\.pnpm\next@15.5.9_@babel+core@7.2_8d85a47e9502461378fb8b67b42275c6\node_modules\next\dist\compiled\neo-async\async.js:1:5027)
    at Object.eachLimit (C:\Users\HP\notiq\node_modules\.pnpm\next@15.5.9_@babel+core@7.2_8d85a47e9502461378fb8b67b42275c6\node_modules\next\dist\compiled\neo-async\async.js:1:14208)
    at C:\Users\HP\notiq\node_modules\.pnpm\next@15.5.9_@babel+core@7.2_8d85a47e9502461378fb8b67b42275c6\node_modules\next\dist\compiled\webpack\bundle5.js:29:129985
    at symbolIterator (C:\Users\HP\notiq\node_modules\.pnpm\next@15.5.9_@babel+core@7.2_8d85a47e9502461378fb8b67b42275c6\node_modules\next\dist\compiled\neo-async\async.js:1:14444)
    at done (C:\Users\HP\notiq\node_modules\.pnpm\next@15.5.9_@babel+core@7.2_8d85a47e9502461378fb8b67b42275c6\node_modules\next\dist\compiled\neo-async\async.js:1:14824)
    at C:\Users\HP\notiq\node_modules\.pnpm\next@15.5.9_@babel+core@7.2_8d85a47e9502461378fb8b67b42275c6\node_modules\next\dist\compiled\webpack\bundle5.js:29:129496
    at C:\Users\HP\notiq\node_modules\.pnpm\next@15.5.9_@babel+core@7.2_8d85a47e9502461378fb8b67b42275c6\node_modules\next\dist\compiled\webpack\bundle5.js:29:110347
    at C:\Users\HP\notiq\node_modules\.pnpm\next@15.5.9_@babel+core@7.2_8d85a47e9502461378fb8b67b42275c6\node_modules\next\dist\compiled\webpack\bundle5.js:29:16152
    at Array.<anonymous> (C:\Users\HP\notiq\node_modules\.pnpm\next@15.5.9_@babel+core@7.2_8d85a47e9502461378fb8b67b42275c6\node_modules\next\dist\compiled\webpack\bundle5.js:29:551693)
    at C:\Users\HP\notiq\node_modules\.pnpm\next@15.5.9_@babel+core@7.2_8d85a47e9502461378fb8b67b42275c6\node_modules\next\dist\compiled\webpack\bundle5.js:29:16144
    at eval (eval at create (C:\Users\HP\notiq\node_modules\.pnpm\next@15.5.9_@babel+core@7.2_8d85a47e9502461378fb8b67b42275c6\node_modules\next\dist\compiled\webpack\bundle5.js:14:9224), <anonymous>:27:1)
    at processTicksAndRejections (node:internal/process/task_queues:105:5)
    at runNextTicks (node:internal/process/task_queues:69:3)
    at process.processImmediate (node:internal/timers:459:9)

Generated code for C:\Users\HP\notiq\node_modules\.pnpm\next@15.5.9_@babel+core@7.2_8d85a47e9502461378fb8b67b42275c6\node_modules\next\dist\build\webpack\loaders\css-loader\src\index.js??ruleSet[1].rules[14].oneOf[10].use[2]!C:\Users\HP\notiq\node_modules\.pnpm\next@15.5.9_@babel+core@7.2_8d85a47e9502461378fb8b67b42275c6\node_modules\next\dist\build\webpack\loaders\postcss-loader\src\index.js??ruleSet[1].rules[14].oneOf[10].use[3]!C:\Users\HP\notiq\node_modules\.pnpm\nextra-theme-docs@4.6.1_@ty_5b789e4fcce1e9c9299d9df49d5c7903\node_modules\nextra-theme-docs\dist\style.css

Import trace for requested module:
../node_modules/.pnpm/nextra-theme-docs@4.6.1_@ty_5b789e4fcce1e9c9299d9df49d5c7903/node_modules/nextra-theme-docs/dist/style.css


> Build failed because of webpack errors
 ELIFECYCLE  Command failed with exit code 1.
